2022-08-06 12:34:15.676798000 [ERROR] <rbatis::plugin::log:43>:[rbatis] [398333284389621760] ReturnErr  <== invalid type: unit value, expected struct Article
2022-08-06 18:46:40.845855000 [ERROR] <rbatis::plugin::log:43>:[rbatis] [398427006821339136] ReturnErr  <== invalid type: unit value, expected struct Article
2022-08-06 18:46:48.021501000 [ERROR] <rbatis::plugin::log:43>:[rbatis] [398427036894498816] ReturnErr  <== invalid type: unit value, expected struct Article
2022-08-06 18:47:07.203653000 [ERROR] <rbatis::plugin::log:43>:[rbatis] [398427117387386880] ReturnErr  <== invalid type: unit value, expected struct Article
2022-08-06 18:47:44.023194000 [ERROR] <rbatis::plugin::log:43>:[rbatis] [398427271817465857] ReturnErr  <== invalid type: unit value, expected struct Article
2022-08-06 18:50:17.056979000 [ERROR] <rbatis::plugin::log:43>:[rbatis] [398427913688584192] ReturnErr  <== invalid type: unit value, expected struct Article
2022-08-06 18:52:39.656113000 [ERROR] <rbatis::plugin::log:43>:[rbatis] [398428511792140289] ReturnErr  <== invalid type: unit value, expected struct Article
2022-08-06 18:53:00.781640000 [ERROR] <rbatis::plugin::log:43>:[rbatis] [398428600401006592] ReturnErr  <== invalid type: unit value, expected struct Article
2022-08-06 18:53:29.762016000 [ERROR] <rbatis::plugin::log:43>:[rbatis] [398428721951936512] ReturnErr  <== invalid type: unit value, expected struct Article
2022-08-06 18:54:29.430983000 [ERROR] <rbatis::plugin::log:43>:[rbatis] [398428972221861888] ReturnErr  <== invalid type: unit value, expected struct Article
2022-08-06 18:54:50.631680000 [ERROR] <rbatis::plugin::log:43>:[rbatis] [398429061141106689] ReturnErr  <== invalid type: unit value, expected struct Article
2022-08-06 18:57:39.958078000 [ERROR] <rbatis::plugin::log:43>:[rbatis] [398429771350020096] ReturnErr  <== invalid type: unit value, expected struct Article
2022-08-06 19:00:00.361703000 [ERROR] <rbatis::plugin::log:43>:[rbatis] [398430360242884608] ReturnErr  <== invalid type: unit value, expected struct Article
2022-08-06 19:01:11.993092000 [ERROR] <rbatis::plugin::log:43>:[rbatis] [398430660689268736] ReturnErr  <== invalid type: unit value, expected struct Article
2022-08-06 19:02:36.304760000 [ERROR] <rbatis::plugin::log:43>:[rbatis] [398431014311038976] ReturnErr  <== invalid type: unit value, expected struct Article
2022-08-06 19:08:44.298449000 [ERROR] <rbatis::plugin::log:43>:[rbatis] [398432557793939457] ReturnErr  <== invalid type: unit value, expected struct Article
2022-08-06 19:09:52.224851000 [ERROR] <rbatis::plugin::log:43>:[rbatis] [398432842700427264] ReturnErr  <== invalid type: unit value, expected struct Article
2022-08-06 19:11:05.994660000 [ERROR] <rbatis::plugin::log:43>:[rbatis] [398433152114233344] ReturnErr  <== invalid type: unit value, expected struct Article
2022-08-06 19:11:36.089842000 [ERROR] <rbatis::plugin::log:43>:[rbatis] [398433278333423616] ReturnErr  <== invalid type: unit value, expected struct Article
2022-08-06 19:12:44.996880000 [ERROR] <rbatis::plugin::log:43>:[rbatis] [398433567358717952] ReturnErr  <== invalid type: unit value, expected struct Article
2022-08-06 19:14:19.419104000 [ERROR] <rbatis::plugin::log:43>:[rbatis] [398433963393290240] ReturnErr  <== invalid type: unit value, expected struct Article
2022-08-06 19:17:10.037863000 [ERROR] <rbatis::plugin::log:43>:[rbatis] [398434679021244416] ReturnErr  <== invalid type: unit value, expected struct Article
2022-08-06 19:21:45.798783000 [ERROR] <rbatis::plugin::log:43>:[rbatis] [398435835642515456] ReturnErr  <== invalid type: unit value, expected struct Article
2022-08-06 19:21:46.462419000 [WARN] <rocket::response::responder:438>:Response was `None`.
2022-08-06 19:21:46.462501000 [ERROR] <rocket::server:294>:No matching routes for [32mGET[0m [34m/static/js/jquery.flowchart.min.js[0m.
2022-08-06 19:21:46.464342000 [WARN] <rocket::server:319>:Responding with registered [36m([0m[37mnot_found[0m[36m)[0m [34m404[0m catcher.
2022-08-06 19:21:50.386747000 [WARN] <rocket::response::responder:438>:Response was `None`.
2022-08-06 19:21:50.386834000 [ERROR] <rocket::server:294>:No matching routes for [32mGET[0m [34m/static/js/jquery.flowchart.min.js[0m.
2022-08-06 19:21:50.386945000 [WARN] <rocket::server:319>:Responding with registered [36m([0m[37mnot_found[0m[36m)[0m [34m404[0m catcher.
2022-08-06 19:22:32.382938000 [WARN] <rocket::response::responder:438>:Response was `None`.
2022-08-06 19:22:32.383030000 [ERROR] <rocket::server:294>:No matching routes for [32mGET[0m [34m/static/js/jquery.flowchart.min.js[0m [33mtext[0m[33m/[0m[33mhtml[0m.
2022-08-06 19:22:32.383780000 [WARN] <rocket::server:319>:Responding with registered [36m([0m[37mnot_found[0m[36m)[0m [34m404[0m catcher.
2022-08-06 19:22:33.048458000 [ERROR] <rocket::server:294>:No matching routes for [32mGET[0m [34m/favicon.ico[0m [33mimage[0m[33m/[0m[33mavif[0m.
2022-08-06 19:22:33.048683000 [WARN] <rocket::server:319>:Responding with registered [36m([0m[37mnot_found[0m[36m)[0m [34m404[0m catcher.
2022-08-06 19:23:23.240064000 [ERROR] <rbatis::plugin::log:43>:[rbatis] [398436244343885824] ReturnErr  <== invalid type: unit value, expected struct Article
2022-08-06 19:23:23.512166000 [WARN] <rocket::response::responder:438>:Response was `None`.
2022-08-06 19:23:23.512307000 [ERROR] <rocket::server:294>:No matching routes for [32mGET[0m [34m/static/js/jquery.flowchart.min.js[0m.
2022-08-06 19:23:23.512462000 [WARN] <rocket::server:319>:Responding with registered [36m([0m[37mnot_found[0m[36m)[0m [34m404[0m catcher.
2022-08-06 19:23:25.725251000 [WARN] <rocket::response::responder:438>:Response was `None`.
2022-08-06 19:23:25.725322000 [ERROR] <rocket::server:294>:No matching routes for [32mGET[0m [34m/static/js/jquery.flowchart.min.js[0m.
2022-08-06 19:23:25.725422000 [WARN] <rocket::server:319>:Responding with registered [36m([0m[37mnot_found[0m[36m)[0m [34m404[0m catcher.
2022-08-06 19:25:17.637613000 [ERROR] <rbatis::plugin::log:43>:[rbatis] [398436724163874816] ReturnErr  <== invalid type: unit value, expected struct Article
2022-08-06 19:26:01.525149000 [ERROR] <rbatis::plugin::log:43>:[rbatis] [398436908239294465] ReturnErr  <== invalid type: unit value, expected struct Article
2022-08-06 19:27:10.493084000 [ERROR] <rbatis::plugin::log:43>:[rbatis] [398437197512052736] ReturnErr  <== invalid type: unit value, expected struct Article
2022-08-06 19:29:31.146994000 [ERROR] <rbatis::plugin::log:43>:[rbatis] [398437787457687552] ReturnErr  <== invalid type: unit value, expected struct Article
2022-08-06 19:34:44.963509000 [ERROR] <rbatis::plugin::log:43>:[rbatis] [398439103701585920] ReturnErr  <== invalid type: unit value, expected struct Article
2022-08-06 19:36:08.810409000 [ERROR] <rbatis::plugin::log:43>:[rbatis] [398439455377199105] ReturnErr  <== invalid type: unit value, expected struct Article
2022-08-06 19:37:52.516791000 [ERROR] <rbatis::plugin::log:43>:[rbatis] [398439890351689729] ReturnErr  <== invalid type: unit value, expected struct Article
2022-08-06 19:39:15.322754000 [ERROR] <rbatis::plugin::log:43>:[rbatis] [398440237669421056] ReturnErr  <== invalid type: unit value, expected struct Article
2022-08-06 19:42:39.439602000 [ERROR] <rbatis::plugin::log:43>:[rbatis] [398441093768810496] ReturnErr  <== invalid type: unit value, expected struct Article
2022-08-06 19:43:13.336496000 [ERROR] <rbatis::plugin::log:43>:[rbatis] [398441235968299009] ReturnErr  <== invalid type: unit value, expected struct Article
2022-08-06 19:46:29.988164000 [ERROR] <rbatis::plugin::log:43>:[rbatis] [398442060786569216] ReturnErr  <== invalid type: unit value, expected struct Article
2022-08-06 19:46:57.594393000 [ERROR] <rbatis::plugin::log:43>:[rbatis] [398442176574525440] ReturnErr  <== invalid type: unit value, expected struct Article
2022-08-06 19:50:35.658966000 [ERROR] <rbatis::plugin::log:43>:[rbatis] [398443091201232896] ReturnErr  <== invalid type: unit value, expected struct Article
2022-08-06 19:53:11.758487000 [ERROR] <rbatis::plugin::log:43>:[rbatis] [398443745932087296] ReturnErr  <== invalid type: unit value, expected struct Article
2022-08-06 19:53:12.150570000 [WARN] <rocket::response::responder:438>:Response was `None`.
2022-08-06 19:53:12.150653000 [ERROR] <rocket::server:294>:No matching routes for [32mGET[0m [34m/static/fonts/editormd-logo.woff?-5y8q6h[0m.
2022-08-06 19:53:12.150757000 [WARN] <rocket::server:319>:Responding with registered [36m([0m[37mnot_found[0m[36m)[0m [34m404[0m catcher.
2022-08-06 19:53:12.390933000 [WARN] <rocket::response::responder:438>:Response was `None`.
2022-08-06 19:53:12.391005000 [ERROR] <rocket::server:294>:No matching routes for [32mGET[0m [34m/static/fonts/editormd-logo.ttf?-5y8q6h[0m.
2022-08-06 19:53:12.391113000 [WARN] <rocket::server:319>:Responding with registered [36m([0m[37mnot_found[0m[36m)[0m [34m404[0m catcher.
2022-08-06 19:55:12.103558000 [ERROR] <rbatis::plugin::log:43>:[rbatis] [398444250695602176] ReturnErr  <== invalid type: unit value, expected struct Article
2022-08-06 19:55:12.441297000 [WARN] <rocket::response::responder:438>:Response was `None`.
2022-08-06 19:55:12.441365000 [ERROR] <rocket::server:294>:No matching routes for [32mGET[0m [34m/static/fonts/editormd-logo.woff?-5y8q6h[0m.
2022-08-06 19:55:12.441509000 [WARN] <rocket::server:319>:Responding with registered [36m([0m[37mnot_found[0m[36m)[0m [34m404[0m catcher.
2022-08-06 19:55:12.526216000 [WARN] <rocket::response::responder:438>:Response was `None`.
2022-08-06 19:55:12.526328000 [ERROR] <rocket::server:294>:No matching routes for [32mGET[0m [34m/static/fonts/editormd-logo.ttf?-5y8q6h[0m.
2022-08-06 19:55:12.526510000 [WARN] <rocket::server:319>:Responding with registered [36m([0m[37mnot_found[0m[36m)[0m [34m404[0m catcher.
2022-08-06 19:59:36.776508000 [ERROR] <rbatis::plugin::log:43>:[rbatis] [398445360814624768] ReturnErr  <== invalid type: unit value, expected struct Article
2022-08-06 20:00:24.569869000 [ERROR] <rocket::server:294>:No matching routes for [32mGET[0m [34m/admin/null[0m [33mimage[0m[33m/[0m[33mavif[0m.
2022-08-06 20:00:24.570344000 [WARN] <rocket::server:319>:Responding with registered [36m([0m[37mnot_found[0m[36m)[0m [34m404[0m catcher.
2022-08-06 20:01:57.270351000 [ERROR] <rbatis::plugin::log:43>:[rbatis] [398445950089170944] ReturnErr  <== invalid type: unit value, expected struct Article
2022-08-06 20:02:27.639292000 [ERROR] <rbatis::plugin::log:43>:[rbatis] [398446077465989120] ReturnErr  <== invalid type: unit value, expected struct Article
2022-08-06 20:02:41.762517000 [ERROR] <rbatis::plugin::log:43>:[rbatis] [398446136706338816] ReturnErr  <== invalid type: unit value, expected struct Article
2022-08-06 20:03:05.431155000 [ERROR] <rbatis::plugin::log:43>:[rbatis] [398446235964542976] ReturnErr  <== invalid type: unit value, expected struct Article
2022-08-06 20:03:29.361403000 [ERROR] <rbatis::plugin::log:43>:[rbatis] [398446336346820608] ReturnErr  <== invalid type: unit value, expected struct Article
2022-08-06 20:04:53.037003000 [ERROR] <rbatis::plugin::log:43>:[rbatis] [398446687309402112] ReturnErr  <== invalid type: unit value, expected struct Article
2022-08-06 20:05:55.961233000 [ERROR] <rbatis::plugin::log:43>:[rbatis] [398446951219204096] ReturnErr  <== invalid type: unit value, expected struct Article
2022-08-06 20:06:45.554432000 [ERROR] <rbatis::plugin::log:43>:[rbatis] [398447159239905280] ReturnErr  <== invalid type: unit value, expected struct Article
2022-08-06 20:08:56.496100000 [ERROR] <rbatis::plugin::log:43>:[rbatis] [398447708450459648] ReturnErr  <== invalid type: unit value, expected struct Article
2022-08-06 20:14:34.976903000 [ERROR] <rbatis::plugin::log:43>:[rbatis] [398449128142671872] ReturnErr  <== invalid type: unit value, expected struct Article
2022-08-06 20:16:11.889182000 [ERROR] <rbatis::plugin::log:43>:[rbatis] [398449534621061120] ReturnErr  <== invalid type: unit value, expected struct Article
2022-08-06 20:17:45.199508000 [ERROR] <rbatis::plugin::log:43>:[rbatis] [398449925991567360] ReturnErr  <== invalid type: unit value, expected struct Article
2022-08-06 20:18:04.411863000 [ERROR] <rbatis::plugin::log:43>:[rbatis] [398450006576730112] ReturnErr  <== invalid type: unit value, expected struct Article
2022-08-06 20:19:46.575964000 [ERROR] <rbatis::plugin::log:43>:[rbatis] [398450435079409664] ReturnErr  <== invalid type: unit value, expected struct Article
2022-08-06 20:22:06.223427000 [ERROR] <rbatis::plugin::log:43>:[rbatis] [398451020805574656] ReturnErr  <== invalid type: unit value, expected struct Article
2022-08-06 20:23:27.031730000 [ERROR] <rbatis::plugin::log:43>:[rbatis] [398451359743086592] ReturnErr  <== invalid type: unit value, expected struct Article
2022-08-06 20:25:01.628756000 [ERROR] <rbatis::plugin::log:43>:[rbatis] [398451756507467776] ReturnErr  <== invalid type: unit value, expected struct Article
2022-08-06 20:25:28.187849000 [ERROR] <rbatis::plugin::log:43>:[rbatis] [398451867903987712] ReturnErr  <== invalid type: unit value, expected struct Article
2022-08-06 22:17:24.960181000 [ERROR] <rbatis::plugin::log:43>:[rbatis] [398480040091848704] ReturnErr  <== invalid type: unit value, expected struct Article
2022-08-06 22:18:58.713634000 [ERROR] <rbatis::plugin::log:43>:[rbatis] [398480433320431616] ReturnErr  <== invalid type: unit value, expected struct Article
2022-08-06 22:21:23.152621000 [ERROR] <rbatis::plugin::log:43>:[rbatis] [398481039145701376] ReturnErr  <== invalid type: unit value, expected struct Article
2022-08-06 22:22:00.972080000 [ERROR] <rbatis::plugin::log:43>:[rbatis] [398481197770084352] ReturnErr  <== invalid type: unit value, expected struct Article
2022-08-06 22:22:23.771092000 [ERROR] <rbatis::plugin::log:43>:[rbatis] [398481293396021248] ReturnErr  <== invalid type: unit value, expected struct Article
2022-08-06 22:27:24.345468000 [ERROR] <rbatis::plugin::log:43>:[rbatis] [398482554094751744] ReturnErr  <== invalid type: unit value, expected struct Article
2022-08-06 22:28:02.131447000 [ERROR] <rbatis::plugin::log:43>:[rbatis] [398482712580722688] ReturnErr  <== invalid type: unit value, expected struct Article
2022-08-06 22:29:56.906339000 [ERROR] <rbatis::plugin::log:43>:[rbatis] [398483193981964288] ReturnErr  <== invalid type: unit value, expected struct Article
2022-08-06 22:29:57.900890000 [ERROR] <rbatis::plugin::log:43>:[rbatis] [398483198151102465] ReturnErr  <== invalid type: unit value, expected struct Article
2022-08-06 22:30:19.389748000 [ERROR] <rbatis::plugin::log:43>:[rbatis] [398483288286695424] ReturnErr  <== invalid type: unit value, expected struct Article
2022-08-06 22:30:47.574089000 [ERROR] <rbatis::plugin::log:43>:[rbatis] [398483406498959360] ReturnErr  <== invalid type: unit value, expected struct Article
2022-08-06 22:31:40.546598000 [ERROR] <rbatis::plugin::log:43>:[rbatis] [398483628679630848] ReturnErr  <== invalid type: unit value, expected struct Article
2022-08-06 22:31:41.455541000 [ERROR] <rbatis::plugin::log:43>:[rbatis] [398483632492253184] ReturnErr  <== invalid type: unit value, expected struct Article
2022-08-06 22:35:16.281244000 [ERROR] <rbatis::plugin::log:43>:[rbatis] [398484533537804288] ReturnErr  <== invalid type: unit value, expected struct Article
2022-08-06 22:36:36.406460000 [ERROR] <rbatis::plugin::log:43>:[rbatis] [398484869606412288] ReturnErr  <== invalid type: unit value, expected struct Article
2022-08-06 22:36:37.060064000 [ERROR] <rbatis::plugin::log:43>:[rbatis] [398484872349487104] ReturnErr  <== invalid type: unit value, expected struct Article
2022-08-06 22:38:30.312372000 [ERROR] <rbatis::plugin::log:43>:[rbatis] [398485347362803712] ReturnErr  <== invalid type: unit value, expected struct Article
2022-08-06 22:38:30.723275000 [ERROR] <rbatis::plugin::log:43>:[rbatis] [398485349086662656] ReturnErr  <== invalid type: unit value, expected struct Article
2022-08-06 22:38:43.488036000 [ERROR] <rbatis::plugin::log:43>:[rbatis] [398485402626953216] ReturnErr  <== invalid type: unit value, expected struct Article
2022-08-06 22:41:22.510526000 [ERROR] <rbatis::plugin::log:43>:[rbatis] [398486069613563904] ReturnErr  <== invalid type: unit value, expected struct Article
2022-08-06 22:42:52.038449000 [ERROR] <rbatis::plugin::log:43>:[rbatis] [398486445121212416] ReturnErr  <== invalid type: unit value, expected struct Article
2022-08-06 22:44:37.647729000 [ERROR] <rbatis::plugin::log:43>:[rbatis] [398486888077463552] ReturnErr  <== invalid type: unit value, expected struct Article
2022-08-06 22:46:39.646041000 [ERROR] <rbatis::plugin::log:43>:[rbatis] [398487399778357248] ReturnErr  <== invalid type: unit value, expected struct Article
2022-08-06 22:47:46.698748000 [ERROR] <rbatis::plugin::log:43>:[rbatis] [398487681014829056] ReturnErr  <== invalid type: unit value, expected struct Article
2022-08-06 22:48:26.279463000 [ERROR] <rbatis::plugin::log:43>:[rbatis] [398487847029575680] ReturnErr  <== invalid type: unit value, expected struct Article
2022-08-06 22:50:11.006527000 [ERROR] <rbatis::plugin::log:43>:[rbatis] [398488286286450689] ReturnErr  <== invalid type: unit value, expected struct Article
2022-08-06 22:51:32.523087000 [ERROR] <rbatis::plugin::log:43>:[rbatis] [398488628193529856] ReturnErr  <== invalid type: unit value, expected struct Article
2022-08-06 22:57:16.054075000 [ERROR] <rocket::server:294>:No matching routes for [32mGET[0m [34m/admin/lib/codemirror/codemirror.min.css[0m [33mtext[0m[33m/[0m[33mcss[0m.
2022-08-06 22:57:16.057948000 [WARN] <rocket::server:319>:Responding with registered [36m([0m[37mnot_found[0m[36m)[0m [34m404[0m catcher.
2022-08-06 22:57:16.059496000 [ERROR] <rocket::server:294>:No matching routes for [32mGET[0m [34m/admin/lib/codemirror/addon/search/matchesonscrollbar.css[0m [33mtext[0m[33m/[0m[33mcss[0m.
2022-08-06 22:57:16.059727000 [WARN] <rocket::server:319>:Responding with registered [36m([0m[37mnot_found[0m[36m)[0m [34m404[0m catcher.
2022-08-06 22:57:16.059971000 [ERROR] <rocket::server:294>:No matching routes for [32mGET[0m [34m/admin/lib/codemirror/codemirror.min.js[0m.
2022-08-06 22:57:16.060092000 [WARN] <rocket::server:319>:Responding with registered [36m([0m[37mnot_found[0m[36m)[0m [34m404[0m catcher.
2022-08-06 22:57:16.060229000 [ERROR] <rocket::server:294>:No matching routes for [32mGET[0m [34m/admin/lib/codemirror/addon/dialog/dialog.css[0m [33mtext[0m[33m/[0m[33mcss[0m.
2022-08-06 22:57:16.060423000 [WARN] <rocket::server:319>:Responding with registered [36m([0m[37mnot_found[0m[36m)[0m [34m404[0m catcher.
2022-08-06 22:58:21.530421000 [ERROR] <rocket::server:294>:No matching routes for [32mGET[0m [34m/admin/lib/codemirror/codemirror.min.css[0m [33mtext[0m[33m/[0m[33mcss[0m.
2022-08-06 22:58:21.530605000 [WARN] <rocket::server:319>:Responding with registered [36m([0m[37mnot_found[0m[36m)[0m [34m404[0m catcher.
2022-08-06 22:58:21.531970000 [ERROR] <rocket::server:294>:No matching routes for [32mGET[0m [34m/admin/lib/codemirror/addon/search/matchesonscrollbar.css[0m [33mtext[0m[33m/[0m[33mcss[0m.
2022-08-06 22:58:21.532188000 [WARN] <rocket::server:319>:Responding with registered [36m([0m[37mnot_found[0m[36m)[0m [34m404[0m catcher.
2022-08-06 22:58:21.532530000 [ERROR] <rocket::server:294>:No matching routes for [32mGET[0m [34m/admin/lib/codemirror/codemirror.min.js[0m.
2022-08-06 22:58:21.532742000 [WARN] <rocket::server:319>:Responding with registered [36m([0m[37mnot_found[0m[36m)[0m [34m404[0m catcher.
2022-08-06 22:58:21.533165000 [ERROR] <rocket::server:294>:No matching routes for [32mGET[0m [34m/admin/lib/codemirror/addon/dialog/dialog.css[0m [33mtext[0m[33m/[0m[33mcss[0m.
2022-08-06 22:58:21.533381000 [WARN] <rocket::server:319>:Responding with registered [36m([0m[37mnot_found[0m[36m)[0m [34m404[0m catcher.
2022-08-06 23:00:05.040615000 [ERROR] <rbatis::plugin::log:43>:[rbatis] [398490777845633024] ReturnErr  <== invalid type: unit value, expected struct Article
2022-08-06 23:00:05.121593000 [ERROR] <rbatis::plugin::log:43>:[rbatis] [398490778185371648] ReturnErr  <== invalid type: unit value, expected struct Article
2022-08-06 23:01:34.615450000 [ERROR] <rbatis::plugin::log:43>:[rbatis] [398491153550413825] ReturnErr  <== invalid type: unit value, expected struct Article
2022-08-06 23:02:38.518276000 [ERROR] <rbatis::plugin::log:43>:[rbatis] [398491421579022336] ReturnErr  <== invalid type: unit value, expected struct Article
2022-08-06 23:03:51.244639000 [ERROR] <rbatis::plugin::log:43>:[rbatis] [398491726613975040] ReturnErr  <== invalid type: unit value, expected struct Article
2022-08-06 23:06:37.879487000 [ERROR] <rbatis::plugin::log:43>:[rbatis] [398492425531822080] ReturnErr  <== invalid type: unit value, expected struct Article
2022-08-06 23:07:46.271836000 [ERROR] <rbatis::plugin::log:43>:[rbatis] [398492712392855552] ReturnErr  <== invalid type: unit value, expected struct Article
2022-08-06 23:08:28.838760000 [ERROR] <rbatis::plugin::log:43>:[rbatis] [398492890919211008] ReturnErr  <== invalid type: unit value, expected struct Article
2022-08-06 23:08:55.715548000 [ERROR] <rbatis::plugin::log:43>:[rbatis] [398493003657908224] ReturnErr  <== invalid type: unit value, expected struct Article
